#
# There is insufficient memory for the Java Runtime Environment to continue.
# Native memory allocation (malloc) failed to allocate 1048576 bytes for AllocateHeap
# Possible reasons:
#   The system is out of physical RAM or swap space
#   The process is running with CompressedOops enabled, and the Java Heap may be blocking the growth of the native heap
# Possible solutions:
#   Reduce memory load on the system
#   Increase physical memory or swap space
#   Check if swap backing store is full
#   Decrease Java heap size (-Xmx/-Xms)
#   Decrease number of Java threads
#   Decrease Java thread stack sizes (-Xss)
#   Set larger code cache with -XX:ReservedCodeCacheSize=
#   JVM is running with Unscaled Compressed Oops mode in which the Java heap is
#     placed in the first 4GB address space. The Java Heap base address is the
#     maximum limit for the native heap growth. Please use -XX:HeapBaseMinAddress
#     to set the Java Heap base and to place the Java Heap above 4GB virtual address.
# This output file may be truncated or incomplete.
#
#  Out of Memory Error (memory/allocation.inline.hpp:61), pid=172548, tid=0x000000000002a5f4
#
# JRE version:  (8.0_202-b44) (build )
# Java VM: OpenJDK 64-Bit Server VM (25.202-b44 mixed mode windows-amd64 compressed oops)
# Failed to write core dump. Minidumps are not enabled by default on client versions of Windows
#

---------------  T H R E A D  ---------------

Current thread (0x000000000328e800):  JavaThread "Unknown thread" [_thread_in_vm, id=173556, stack(0x00000000030f0000,0x00000000031f0000)]

Stack: [0x00000000030f0000,0x00000000031f0000]
[error occurred during error reporting (printing stack bounds), id 0xc0000005]

Native frames: (J=compiled Java code, j=interpreted, Vv=VM code, C=native code)


---------------  P R O C E S S  ---------------

Java Threads: ( => current thread )

Other Threads:

=>0x000000000328e800 (exited) JavaThread "Unknown thread" [_thread_in_vm, id=173556, stack(0x00000000030f0000,0x00000000031f0000)]

VM state:not at safepoint (normal execution)

VM Mutex/Monitor currently owned by a thread: None

heap address: 0x0000000082800000, size: 2008 MB, Compressed Oops mode: 32-bit
Narrow klass base: 0x0000000000000000, Narrow klass shift: 3
Compressed class space size: 1073741824 Address: 0x0000000100000000

Heap:
 PSYoungGen      total 37888K, used 655K [0x00000000d6300000, 0x00000000d8d00000, 0x0000000100000000)
  eden space 32768K, 2% used [0x00000000d6300000,0x00000000d63a3d80,0x00000000d8300000)
  from space 5120K, 0% used [0x00000000d8800000,0x00000000d8800000,0x00000000d8d00000)
  to   space 5120K, 0% used [0x00000000d8300000,0x00000000d8300000,0x00000000d8800000)
 ParOldGen       total 86016K, used 0K [0x0000000082800000, 0x0000000087c00000, 0x00000000d6300000)
  object space 86016K, 0% used [0x0000000082800000,0x0000000082800000,0x0000000087c00000)
 Metaspace       used 777K, capacity 4480K, committed 4480K, reserved 1056768K
  class space    used 74K, capacity 384K, committed 384K, reserved 1048576K

Card table byte_map: [0x0000000012750000,0x0000000012b40000] byte_map_base: 0x000000001233c000

Marking Bits: (ParMarkBitMap*) 0x0000000066fd9f30
 Begin Bits: [0x00000000131e0000, 0x0000000015140000)
 End Bits:   [0x0000000015140000, 0x00000000170a0000)

Polling page: 0x0000000000dd0000

CodeCache: size=245760Kb used=328Kb max_used=328Kb free=245431Kb
 bounds [0x0000000003390000, 0x0000000003600000, 0x0000000012390000]
 total_blobs=57 nmethods=0 adapters=38
 compilation: enabled

Compilation events (0 events):
No events

GC Heap History (0 events):
No events

Deoptimization events (0 events):
No events

Classes redefined (0 events):
No events

Internal exceptions (0 events):
No events

Events (10 events):
Event: 0.016 loading class java/lang/Short
Event: 0.016 loading class java/lang/Short done
Event: 0.016 loading class java/lang/Integer
Event: 0.016 loading class java/lang/Integer done
Event: 0.016 loading class java/lang/Long
Event: 0.017 loading class java/lang/Long done
Event: 0.018 loading class java/lang/NullPointerException
Event: 0.018 loading class java/lang/NullPointerException done
Event: 0.018 loading class java/lang/ArithmeticException
Event: 0.018 loading class java/lang/ArithmeticException done


Dynamic libraries:
0x00007ff719fd0000 - 0x00007ff71a001000 	C:\Users\Administrator\AppData\Local\JetBrains\Toolbox\apps\PhpStorm\ch-0\191.6707.66\jre64\bin\java.exe
0x00007fff05160000 - 0x00007fff0534d000 	C:\Windows\SYSTEM32\ntdll.dll
0x00007fff02ff0000 - 0x00007fff030a3000 	C:\Windows\System32\KERNEL32.DLL
0x00007fff014a0000 - 0x00007fff01733000 	C:\Windows\System32\KERNELBASE.dll
0x00007fff02390000 - 0x00007fff02433000 	C:\Windows\System32\ADVAPI32.dll
0x00007fff02440000 - 0x00007fff024de000 	C:\Windows\System32\msvcrt.dll
0x00007fff02a60000 - 0x00007fff02afe000 	C:\Windows\System32\sechost.dll
0x00007fff02c60000 - 0x00007fff02d82000 	C:\Windows\System32\RPCRT4.dll
0x00007fff03340000 - 0x00007fff034d7000 	C:\Windows\System32\USER32.dll
0x00007fff01920000 - 0x00007fff01940000 	C:\Windows\System32\win32u.dll
0x00007fff02b00000 - 0x00007fff02b29000 	C:\Windows\System32\GDI32.dll
0x00007fff01a40000 - 0x00007fff01bda000 	C:\Windows\System32\gdi32full.dll
0x00007fff01300000 - 0x00007fff013a0000 	C:\Windows\System32\msvcp_win.dll
0x00007fff013a0000 - 0x00007fff0149a000 	C:\Windows\System32\ucrtbase.dll
0x00007ffef5e40000 - 0x00007ffef60b9000 	C:\Windows\WinSxS\amd64_microsoft.windows.common-controls_6595b64144ccf1df_6.0.17763.437_none_05b63dca071e5dd6\COMCTL32.dll
0x00007fff024e0000 - 0x00007fff0280c000 	C:\Windows\System32\combase.dll
0x00007fff019c0000 - 0x00007fff01a3e000 	C:\Windows\System32\bcryptPrimitives.dll
0x00007fff04bc0000 - 0x00007fff04bee000 	C:\Windows\System32\IMM32.DLL
0x0000000066730000 - 0x0000000066802000 	C:\Users\Administrator\AppData\Local\JetBrains\Toolbox\apps\PhpStorm\ch-0\191.6707.66\jre64\bin\msvcr100.dll
0x0000000066810000 - 0x0000000067056000 	C:\Users\Administrator\AppData\Local\JetBrains\Toolbox\apps\PhpStorm\ch-0\191.6707.66\jre64\bin\server\jvm.dll
0x00007fff05120000 - 0x00007fff05128000 	C:\Windows\System32\PSAPI.DLL
0x00007ffefbdc0000 - 0x00007ffefbdc9000 	C:\Windows\SYSTEM32\WSOCK32.dll
0x00007ffef5cc0000 - 0x00007ffef5ce4000 	C:\Windows\SYSTEM32\WINMM.dll
0x00007fff030d0000 - 0x00007fff0313d000 	C:\Windows\System32\WS2_32.dll
0x00007ffefce10000 - 0x00007ffefce1a000 	C:\Windows\SYSTEM32\VERSION.dll
0x00007ffef8fd0000 - 0x00007ffef8ffd000 	C:\Windows\SYSTEM32\WINMMBASE.dll
0x00007fff01970000 - 0x00007fff019ba000 	C:\Windows\System32\cfgmgr32.dll
0x00007ffefd0b0000 - 0x00007ffefd0bf000 	C:\Users\Administrator\AppData\Local\JetBrains\Toolbox\apps\PhpStorm\ch-0\191.6707.66\jre64\bin\verify.dll
0x00007ffef3a50000 - 0x00007ffef3a79000 	C:\Users\Administrator\AppData\Local\JetBrains\Toolbox\apps\PhpStorm\ch-0\191.6707.66\jre64\bin\java.dll
0x00007ffefbd80000 - 0x00007ffefbd96000 	C:\Users\Administrator\AppData\Local\JetBrains\Toolbox\apps\PhpStorm\ch-0\191.6707.66\jre64\bin\zip.dll

VM Arguments:
java_command: org.jetbrains.git4idea.nativessh.GitNativeSshAskPassApp The authenticity of host 'github.com (52.74.223.119)' can't be established.
RSA key fingerprint is SHA256:nThbg6kXUpJWGl7E1IGOCspRomTxdCARLviKw6E5SY8.
Are you sure you want to continue connecting (yes/no)? 
java_class_path (initial): C:/Users/Administrator/AppData/Local/JetBrains/Toolbox/apps/PhpStorm/ch-0/191.6707.66/plugins/git4idea/lib/git4idea-rt.jar;C:/Users/Administrator/AppData/Local/JetBrains/Toolbox/apps/PhpStorm/ch-0/191.6707.66/lib/xmlrpc-2.0.1.jar;C:/Users/Administrator/AppData/Local/JetBrains/Toolbox/apps/PhpStorm/ch-0/191.6707.66/lib/commons-codec-1.10.jar;C:/Users/Administrator/AppData/Local/JetBrains/Toolbox/apps/PhpStorm/ch-0/191.6707.66/lib/util.jar
Launcher Type: SUN_STANDARD

Environment Variables:
PATH=C:\Program Files\Git\mingw64\libexec\git-core;C:\Program Files\Git\mingw64\bin;C:\Program Files\Git\usr\bin;C:\Users\Administrator\bin;C:\Program Files (x86)\NetSarang\Xshell 6;C:\Program Files (x86)\Common Files\Oracle\Java\javapath;C:\Windows\system32;C:\Windows;C:\Windows\System32\Wbem;C:\Windows\System32\WindowsPowerShell\v1.0;C:\Windows\System32\OpenSSH;D:\phpStudy\PHPTutorial\php\php-7.2.1-nts;D:\wwwRoot\phalcon-devtools-3.4.1;C:\Program Files\Git\cmd;C:\Users\Administrator\AppData\Local\Microsoft\WindowsApps;D:\Program Files\JetBrains\PhpStorm 2018.3\bin;C:\Users\Administrator\AppData\Local\Programs\Microsoft VS Code\bin
USERNAME=Administrator
DISPLAY=:0.0
OS=Windows_NT
PROCESSOR_IDENTIFIER=Intel64 Family 6 Model 158 Stepping 11, GenuineIntel



---------------  S Y S T E M  ---------------

OS: Windows 10.0 , 64 bit Build 17763 (10.0.17763.437)

CPU:total 4 (initial active 4) (4 cores per cpu, 1 threads per core) family 6 model 158 stepping 11, cmov, cx8, fxsr, mmx, sse, sse2, sse3, ssse3, sse4.1, sse4.2, popcnt, avx, avx2, aes, clmul, erms, 3dnowpref, lzcnt, tsc, tscinvbit, bmi1, bmi2, adx

Memory: 4k page, physical 8220484k(546112k free), swap 14774084k(4328k free)

vm_info: OpenJDK 64-Bit Server VM (25.202-b44) for windows-amd64 JRE (1.8.0_202-release-1483-b44), built on Mar 29 2019 17:15:10 by "builduser" with MS VC++ 10.0 (VS2010)

time: Thu Apr 25 19:50:56 2019
timezone: 中国标准时间
elapsed time: 0 seconds (0d 0h 0m 0s)

